<?xml version="1.0" encoding="UTF-8"?>
<testng-results skipped="0" failed="0" total="1" passed="1">
  <reporter-output>
  </reporter-output>
  <suite name="Default suite" duration-ms="8645" started-at="2017-01-25T05:25:23Z" finished-at="2017-01-25T05:25:32Z">
    <groups>
    </groups>
    <test name="Default test" duration-ms="8645" started-at="2017-01-25T05:25:23Z" finished-at="2017-01-25T05:25:32Z">
      <class name="org.piano.test.task.tests.SearchCompaniesTest">
        <test-method status="PASS" signature="startBrowser()[pri:0, instance:org.piano.test.task.tests.SearchCompaniesTest@d73c52f]" name="startBrowser" is-config="true" duration-ms="3152" started-at="2017-01-25T09:25:23Z" finished-at="2017-01-25T09:25:27Z">
          <reporter-output>
          </reporter-output>
        </test-method> <!-- startBrowser -->
        <test-method status="PASS" signature="searchingByKeyWordWorks()[pri:0, instance:org.piano.test.task.tests.SearchCompaniesTest@d73c52f]" name="searchingByKeyWordWorks" duration-ms="4241" started-at="2017-01-25T09:25:27Z" finished-at="2017-01-25T09:25:31Z">
          <reporter-output>
          </reporter-output>
        </test-method> <!-- searchingByKeyWordWorks -->
        <test-method status="PASS" signature="closeBrowser()[pri:0, instance:org.piano.test.task.tests.SearchCompaniesTest@d73c52f]" name="closeBrowser" is-config="true" duration-ms="1242" started-at="2017-01-25T09:25:31Z" finished-at="2017-01-25T09:25:32Z">
          <reporter-output>
          </reporter-output>
        </test-method> <!-- closeBrowser -->
      </class> <!-- org.piano.test.task.tests.SearchCompaniesTest -->
    </test> <!-- Default test -->
  </suite> <!-- Default suite -->
</testng-results>
